<?xml version="1.0" encoding="UTF-8"?>
<!-- Generated by org.testng.reporters.JUnitReportReporter -->
<testsuite hostname="DESKTOP-QVM6J4J" failures="0" tests="1" name="com.Test.Test5" time="0.039" errors="0" timestamp="2022-10-16T20:12:26 IST" skipped="0">
  <testcase classname="com.Test.Test5" name="test_5" time="0.039"/>
  <system-out/>
</testsuite> <!-- com.Test.Test5 -->
