<?xml version="1.0" encoding="UTF-8"?>
<!-- Generated by org.testng.reporters.JUnitReportReporter -->
<testsuite hostname="DESKTOP-QVM6J4J" failures="0" tests="1" name="com.Test.Test3" time="0.001" errors="0" timestamp="2022-10-16T20:04:15 IST" skipped="0">
  <testcase classname="com.Test.Test3" name="test_3" time="0.001"/>
  <system-out/>
</testsuite> <!-- com.Test.Test3 -->
