<?xml version="1.0" encoding="UTF-8"?>
<!-- Generated by org.testng.reporters.JUnitReportReporter -->
<testsuite hostname="DESKTOP-QVM6J4J" failures="0" tests="1" name="com.Test.Test4" time="0.002" errors="0" timestamp="2022-10-16T20:04:15 IST" skipped="0">
  <testcase classname="com.Test.Test4" name="test_4" time="0.002"/>
  <system-out/>
</testsuite> <!-- com.Test.Test4 -->
